<?xml version="1.0" encoding="UTF-8"?>
<!-- Generated by org.testng.reporters.JUnitReportReporter -->
<testsuite hostname="MW-NMS2" failures="0" tests="4" name="testScript.TestProgram" time="26.237" errors="0" timestamp="2024-11-13T12:03:52 IST" skipped="0">
  <testcase classname="testScript.TestProgram" name="sample" time="7.133"/>
  <testcase classname="testScript.TestProgram" name="sample" time="5.742"/>
  <testcase classname="testScript.TestProgram" name="display" time="7.646"/>
  <testcase classname="testScript.TestProgram" name="display" time="5.716"/>
</testsuite> <!-- testScript.TestProgram -->
