<?xml version="1.0" encoding="UTF-8"?>
<!-- Generated by org.testng.reporters.JUnitReportReporter -->
<testsuite hostname="MW-NMS2" failures="0" tests="3" name="testScript.FileUpload" time="63.829" errors="0" timestamp="2024-11-13T15:12:07 IST" skipped="1">
  <testcase classname="testScript.FileUpload" name="robotClass" time="12.375"/>
  <testcase classname="testScript.FileUpload" name="sendKeys" time="38.452"/>
  <testcase classname="testScript.FileUpload" name="sendKeys" time="13.002">
    <skipped/>
  </testcase> <!-- sendKeys -->
</testsuite> <!-- testScript.FileUpload -->
